<?xml version="1.0" encoding="UTF-8"?>
<testng-results skipped="0" failed="0" total="1" passed="1">
  <reporter-output>
  </reporter-output>
  <suite name="Suite" duration-ms="14889" started-at="2021-08-14T04:45:03Z" finished-at="2021-08-14T04:45:18Z">
    <groups>
      <group name="cucumber">
        <method signature="AbstractTestNGCucumberTests.runScenario(io.cucumber.testng.PickleWrapper, io.cucumber.testng.FeatureWrapper)[pri:0, instance:runner.TestRunner@3c0ecd4b]" name="runScenario" class="io.cucumber.testng.AbstractTestNGCucumberTests"/>
      </group> <!-- cucumber -->
    </groups>
    <test name="Test" duration-ms="14889" started-at="2021-08-14T04:45:03Z" finished-at="2021-08-14T04:45:18Z">
      <class name="runner.TestRunner">
        <test-method status="PASS" signature="setUpClass()[pri:0, instance:runner.TestRunner@3c0ecd4b]" name="setUpClass" is-config="true" duration-ms="1139" started-at="2021-08-14T10:15:03Z" finished-at="2021-08-14T10:15:04Z">
          <reporter-output>
          </reporter-output>
        </test-method> <!-- setUpClass -->
        <test-method status="PASS" signature="runScenario(io.cucumber.testng.PickleWrapper, io.cucumber.testng.FeatureWrapper)[pri:0, instance:runner.TestRunner@3c0ecd4b]" name="runScenario" duration-ms="13521" started-at="2021-08-14T10:15:05Z" description="Runs Cucumber Scenarios" data-provider="scenarios" finished-at="2021-08-14T10:15:18Z">
          <params>
            <param index="0">
              <value>
                <![CDATA["login to application"]]>
              </value>
            </param>
            <param index="1">
              <value>
                <![CDATA["Optional[login]"]]>
              </value>
            </param>
          </params>
          <reporter-output>
          </reporter-output>
        </test-method> <!-- runScenario -->
        <test-method status="PASS" signature="tearDownClass()[pri:0, instance:runner.TestRunner@3c0ecd4b]" name="tearDownClass" is-config="true" duration-ms="176" started-at="2021-08-14T10:15:18Z" finished-at="2021-08-14T10:15:18Z">
          <reporter-output>
          </reporter-output>
        </test-method> <!-- tearDownClass -->
      </class> <!-- runner.TestRunner -->
    </test> <!-- Test -->
  </suite> <!-- Suite -->
</testng-results>
